ERROR - 2023-10-08 01:52:47 --> mysqli_sql_exception: Table 'music.tblmusic_player' doesn't exist in C:\laragon\www\music_player\system\Database\MySQLi\Connection.php:306
Stack trace:
#0 C:\laragon\www\music_player\system\Database\MySQLi\Connection.php(306): mysqli->query('SELECT *\nFROM `...', 0)
#1 C:\laragon\www\music_player\system\Database\BaseConnection.php(692): CodeIgniter\Database\MySQLi\Connection->execute('SELECT *\nFROM `...')
#2 C:\laragon\www\music_player\system\Database\BaseConnection.php(606): CodeIgniter\Database\BaseConnection->simpleQuery('SELECT *\nFROM `...')
#3 C:\laragon\www\music_player\system\Database\BaseBuilder.php(1615): CodeIgniter\Database\BaseConnection->query('SELECT *\nFROM `...', Array, false)
#4 C:\laragon\www\music_player\system\Model.php(237): CodeIgniter\Database\BaseBuilder->get()
#5 C:\laragon\www\music_player\system\BaseModel.php(624): CodeIgniter\Model->doFindAll(0, 0)
#6 C:\laragon\www\music_player\app\Controllers\MusicController.php(14): CodeIgniter\BaseModel->findAll()
#7 C:\laragon\www\music_player\system\CodeIgniter.php(919): App\Controllers\MusicController->index()
#8 C:\laragon\www\music_player\system\CodeIgniter.php(494): CodeIgniter\CodeIgniter->runController(Object(App\Controllers\MusicController))
#9 C:\laragon\www\music_player\system\CodeIgniter.php(353): CodeIgniter\CodeIgniter->handleRequest(NULL, Object(Config\Cache), false)
#10 C:\laragon\www\music_player\public\index.php(79): CodeIgniter\CodeIgniter->run()
#11 C:\laragon\www\music_player\system\Commands\Server\rewrite.php(47): require_once('C:\\laragon\\www\\...')
#12 {main}
CRITICAL - 2023-10-08 01:52:47 --> Table 'music.tblmusic_player' doesn't exist
in SYSTEMPATH\Database\BaseConnection.php on line 646.
 1 SYSTEMPATH\Database\BaseBuilder.php(1615): CodeIgniter\Database\BaseConnection->query('SELECT *
FROM `tblmusic_player`', [], false)
 2 SYSTEMPATH\Model.php(237): CodeIgniter\Database\BaseBuilder->get()
 3 SYSTEMPATH\BaseModel.php(624): CodeIgniter\Model->doFindAll(0, 0)
 4 APPPATH\Controllers\MusicController.php(14): CodeIgniter\BaseModel->findAll()
 5 SYSTEMPATH\CodeIgniter.php(919): App\Controllers\MusicController->index()
 6 SYSTEMPATH\CodeIgniter.php(494): CodeIgniter\CodeIgniter->runController(Object(App\Controllers\MusicController))
 7 SYSTEMPATH\CodeIgniter.php(353): CodeIgniter\CodeIgniter->handleRequest(null, Object(Config\Cache), false)
 8 FCPATH\index.php(79): CodeIgniter\CodeIgniter->run()
 9 SYSTEMPATH\Commands\Server\rewrite.php(47): require_once('C:\\laragon\\www\\music_player\\public\\index.php')
CRITICAL - 2023-10-08 01:58:19 --> Undefined array key "Music_Name"
in APPPATH\Views\music.php on line 132.
 1 APPPATH\Views\music.php(132): CodeIgniter\Debug\Exceptions->errorHandler(2, 'Undefined array key "Music_Name"', 'C:\\laragon\\www\\music_player\\app\\Views\\music.php', 132)
 2 SYSTEMPATH\View\View.php(226): include('C:\\laragon\\www\\music_player\\app\\Views\\music.php')
 3 SYSTEMPATH\View\View.php(229): CodeIgniter\View\View->CodeIgniter\View\{closure}()
 4 SYSTEMPATH\Common.php(1188): CodeIgniter\View\View->render('music', [], true)
 5 APPPATH\Controllers\MusicController.php(16): view('music', [...])
 6 SYSTEMPATH\CodeIgniter.php(919): App\Controllers\MusicController->index()
 7 SYSTEMPATH\CodeIgniter.php(494): CodeIgniter\CodeIgniter->runController(Object(App\Controllers\MusicController))
 8 SYSTEMPATH\CodeIgniter.php(353): CodeIgniter\CodeIgniter->handleRequest(null, Object(Config\Cache), false)
 9 FCPATH\index.php(79): CodeIgniter\CodeIgniter->run()
10 SYSTEMPATH\Commands\Server\rewrite.php(47): require_once('C:\\laragon\\www\\music_player\\public\\index.php')
CRITICAL - 2023-10-08 02:21:14 --> Undefined variable $songs
in APPPATH\Views\music.php on line 130.
 1 APPPATH\Views\music.php(130): CodeIgniter\Debug\Exceptions->errorHandler(2, 'Undefined variable $songs', 'C:\\laragon\\www\\music_player\\app\\Views\\music.php', 130)
 2 SYSTEMPATH\View\View.php(226): include('C:\\laragon\\www\\music_player\\app\\Views\\music.php')
 3 SYSTEMPATH\View\View.php(229): CodeIgniter\View\View->CodeIgniter\View\{closure}()
 4 SYSTEMPATH\Common.php(1188): CodeIgniter\View\View->render('music', [], true)
 5 APPPATH\Controllers\MusicController.php(26): view('music', [...])
 6 SYSTEMPATH\CodeIgniter.php(919): App\Controllers\MusicController->searchsong()
 7 SYSTEMPATH\CodeIgniter.php(494): CodeIgniter\CodeIgniter->runController(Object(App\Controllers\MusicController))
 8 SYSTEMPATH\CodeIgniter.php(353): CodeIgniter\CodeIgniter->handleRequest(null, Object(Config\Cache), false)
 9 FCPATH\index.php(79): CodeIgniter\CodeIgniter->run()
10 SYSTEMPATH\Commands\Server\rewrite.php(47): require_once('C:\\laragon\\www\\music_player\\public\\index.php')
CRITICAL - 2023-10-08 02:21:27 --> Undefined variable $song
in APPPATH\Views\music.php on line 136.
 1 APPPATH\Views\music.php(136): CodeIgniter\Debug\Exceptions->errorHandler(2, 'Undefined variable $song', 'C:\\laragon\\www\\music_player\\app\\Views\\music.php', 136)
 2 SYSTEMPATH\View\View.php(226): include('C:\\laragon\\www\\music_player\\app\\Views\\music.php')
 3 SYSTEMPATH\View\View.php(229): CodeIgniter\View\View->CodeIgniter\View\{closure}()
 4 SYSTEMPATH\Common.php(1188): CodeIgniter\View\View->render('music', [], true)
 5 APPPATH\Controllers\MusicController.php(26): view('music', [...])
 6 SYSTEMPATH\CodeIgniter.php(919): App\Controllers\MusicController->searchsong()
 7 SYSTEMPATH\CodeIgniter.php(494): CodeIgniter\CodeIgniter->runController(Object(App\Controllers\MusicController))
 8 SYSTEMPATH\CodeIgniter.php(353): CodeIgniter\CodeIgniter->handleRequest(null, Object(Config\Cache), false)
 9 FCPATH\index.php(79): CodeIgniter\CodeIgniter->run()
10 SYSTEMPATH\Commands\Server\rewrite.php(47): require_once('C:\\laragon\\www\\music_player\\public\\index.php')
CRITICAL - 2023-10-08 02:21:56 --> Undefined variable $songs
in APPPATH\Views\music.php on line 130.
 1 APPPATH\Views\music.php(130): CodeIgniter\Debug\Exceptions->errorHandler(2, 'Undefined variable $songs', 'C:\\laragon\\www\\music_player\\app\\Views\\music.php', 130)
 2 SYSTEMPATH\View\View.php(226): include('C:\\laragon\\www\\music_player\\app\\Views\\music.php')
 3 SYSTEMPATH\View\View.php(229): CodeIgniter\View\View->CodeIgniter\View\{closure}()
 4 SYSTEMPATH\Common.php(1188): CodeIgniter\View\View->render('music', [], true)
 5 APPPATH\Controllers\MusicController.php(26): view('music', [...])
 6 SYSTEMPATH\CodeIgniter.php(919): App\Controllers\MusicController->searchsong()
 7 SYSTEMPATH\CodeIgniter.php(494): CodeIgniter\CodeIgniter->runController(Object(App\Controllers\MusicController))
 8 SYSTEMPATH\CodeIgniter.php(353): CodeIgniter\CodeIgniter->handleRequest(null, Object(Config\Cache), false)
 9 FCPATH\index.php(79): CodeIgniter\CodeIgniter->run()
10 SYSTEMPATH\Commands\Server\rewrite.php(47): require_once('C:\\laragon\\www\\music_player\\public\\index.php')
CRITICAL - 2023-10-08 02:22:17 --> Undefined variable $songs
in APPPATH\Views\music.php on line 130.
 1 APPPATH\Views\music.php(130): CodeIgniter\Debug\Exceptions->errorHandler(2, 'Undefined variable $songs', 'C:\\laragon\\www\\music_player\\app\\Views\\music.php', 130)
 2 SYSTEMPATH\View\View.php(226): include('C:\\laragon\\www\\music_player\\app\\Views\\music.php')
 3 SYSTEMPATH\View\View.php(229): CodeIgniter\View\View->CodeIgniter\View\{closure}()
 4 SYSTEMPATH\Common.php(1188): CodeIgniter\View\View->render('music', [], true)
 5 APPPATH\Controllers\MusicController.php(26): view('music', [...])
 6 SYSTEMPATH\CodeIgniter.php(919): App\Controllers\MusicController->searchsong()
 7 SYSTEMPATH\CodeIgniter.php(494): CodeIgniter\CodeIgniter->runController(Object(App\Controllers\MusicController))
 8 SYSTEMPATH\CodeIgniter.php(353): CodeIgniter\CodeIgniter->handleRequest(null, Object(Config\Cache), false)
 9 FCPATH\index.php(79): CodeIgniter\CodeIgniter->run()
10 SYSTEMPATH\Commands\Server\rewrite.php(47): require_once('C:\\laragon\\www\\music_player\\public\\index.php')
CRITICAL - 2023-10-08 02:22:18 --> Undefined variable $songs
in APPPATH\Views\music.php on line 130.
 1 APPPATH\Views\music.php(130): CodeIgniter\Debug\Exceptions->errorHandler(2, 'Undefined variable $songs', 'C:\\laragon\\www\\music_player\\app\\Views\\music.php', 130)
 2 SYSTEMPATH\View\View.php(226): include('C:\\laragon\\www\\music_player\\app\\Views\\music.php')
 3 SYSTEMPATH\View\View.php(229): CodeIgniter\View\View->CodeIgniter\View\{closure}()
 4 SYSTEMPATH\Common.php(1188): CodeIgniter\View\View->render('music', [], true)
 5 APPPATH\Controllers\MusicController.php(26): view('music', [...])
 6 SYSTEMPATH\CodeIgniter.php(919): App\Controllers\MusicController->searchsong()
 7 SYSTEMPATH\CodeIgniter.php(494): CodeIgniter\CodeIgniter->runController(Object(App\Controllers\MusicController))
 8 SYSTEMPATH\CodeIgniter.php(353): CodeIgniter\CodeIgniter->handleRequest(null, Object(Config\Cache), false)
 9 FCPATH\index.php(79): CodeIgniter\CodeIgniter->run()
10 SYSTEMPATH\Commands\Server\rewrite.php(47): require_once('C:\\laragon\\www\\music_player\\public\\index.php')
CRITICAL - 2023-10-08 02:22:19 --> Undefined variable $songs
in APPPATH\Views\music.php on line 130.
 1 APPPATH\Views\music.php(130): CodeIgniter\Debug\Exceptions->errorHandler(2, 'Undefined variable $songs', 'C:\\laragon\\www\\music_player\\app\\Views\\music.php', 130)
 2 SYSTEMPATH\View\View.php(226): include('C:\\laragon\\www\\music_player\\app\\Views\\music.php')
 3 SYSTEMPATH\View\View.php(229): CodeIgniter\View\View->CodeIgniter\View\{closure}()
 4 SYSTEMPATH\Common.php(1188): CodeIgniter\View\View->render('music', [], true)
 5 APPPATH\Controllers\MusicController.php(26): view('music', [...])
 6 SYSTEMPATH\CodeIgniter.php(919): App\Controllers\MusicController->searchsong()
 7 SYSTEMPATH\CodeIgniter.php(494): CodeIgniter\CodeIgniter->runController(Object(App\Controllers\MusicController))
 8 SYSTEMPATH\CodeIgniter.php(353): CodeIgniter\CodeIgniter->handleRequest(null, Object(Config\Cache), false)
 9 FCPATH\index.php(79): CodeIgniter\CodeIgniter->run()
10 SYSTEMPATH\Commands\Server\rewrite.php(47): require_once('C:\\laragon\\www\\music_player\\public\\index.php')
CRITICAL - 2023-10-08 02:22:19 --> Undefined variable $songs
in APPPATH\Views\music.php on line 130.
 1 APPPATH\Views\music.php(130): CodeIgniter\Debug\Exceptions->errorHandler(2, 'Undefined variable $songs', 'C:\\laragon\\www\\music_player\\app\\Views\\music.php', 130)
 2 SYSTEMPATH\View\View.php(226): include('C:\\laragon\\www\\music_player\\app\\Views\\music.php')
 3 SYSTEMPATH\View\View.php(229): CodeIgniter\View\View->CodeIgniter\View\{closure}()
 4 SYSTEMPATH\Common.php(1188): CodeIgniter\View\View->render('music', [], true)
 5 APPPATH\Controllers\MusicController.php(26): view('music', [...])
 6 SYSTEMPATH\CodeIgniter.php(919): App\Controllers\MusicController->searchsong()
 7 SYSTEMPATH\CodeIgniter.php(494): CodeIgniter\CodeIgniter->runController(Object(App\Controllers\MusicController))
 8 SYSTEMPATH\CodeIgniter.php(353): CodeIgniter\CodeIgniter->handleRequest(null, Object(Config\Cache), false)
 9 FCPATH\index.php(79): CodeIgniter\CodeIgniter->run()
10 SYSTEMPATH\Commands\Server\rewrite.php(47): require_once('C:\\laragon\\www\\music_player\\public\\index.php')
CRITICAL - 2023-10-08 02:22:19 --> Undefined variable $songs
in APPPATH\Views\music.php on line 130.
 1 APPPATH\Views\music.php(130): CodeIgniter\Debug\Exceptions->errorHandler(2, 'Undefined variable $songs', 'C:\\laragon\\www\\music_player\\app\\Views\\music.php', 130)
 2 SYSTEMPATH\View\View.php(226): include('C:\\laragon\\www\\music_player\\app\\Views\\music.php')
 3 SYSTEMPATH\View\View.php(229): CodeIgniter\View\View->CodeIgniter\View\{closure}()
 4 SYSTEMPATH\Common.php(1188): CodeIgniter\View\View->render('music', [], true)
 5 APPPATH\Controllers\MusicController.php(26): view('music', [...])
 6 SYSTEMPATH\CodeIgniter.php(919): App\Controllers\MusicController->searchsong()
 7 SYSTEMPATH\CodeIgniter.php(494): CodeIgniter\CodeIgniter->runController(Object(App\Controllers\MusicController))
 8 SYSTEMPATH\CodeIgniter.php(353): CodeIgniter\CodeIgniter->handleRequest(null, Object(Config\Cache), false)
 9 FCPATH\index.php(79): CodeIgniter\CodeIgniter->run()
10 SYSTEMPATH\Commands\Server\rewrite.php(47): require_once('C:\\laragon\\www\\music_player\\public\\index.php')
CRITICAL - 2023-10-08 02:22:20 --> Undefined variable $songs
in APPPATH\Views\music.php on line 130.
 1 APPPATH\Views\music.php(130): CodeIgniter\Debug\Exceptions->errorHandler(2, 'Undefined variable $songs', 'C:\\laragon\\www\\music_player\\app\\Views\\music.php', 130)
 2 SYSTEMPATH\View\View.php(226): include('C:\\laragon\\www\\music_player\\app\\Views\\music.php')
 3 SYSTEMPATH\View\View.php(229): CodeIgniter\View\View->CodeIgniter\View\{closure}()
 4 SYSTEMPATH\Common.php(1188): CodeIgniter\View\View->render('music', [], true)
 5 APPPATH\Controllers\MusicController.php(26): view('music', [...])
 6 SYSTEMPATH\CodeIgniter.php(919): App\Controllers\MusicController->searchsong()
 7 SYSTEMPATH\CodeIgniter.php(494): CodeIgniter\CodeIgniter->runController(Object(App\Controllers\MusicController))
 8 SYSTEMPATH\CodeIgniter.php(353): CodeIgniter\CodeIgniter->handleRequest(null, Object(Config\Cache), false)
 9 FCPATH\index.php(79): CodeIgniter\CodeIgniter->run()
10 SYSTEMPATH\Commands\Server\rewrite.php(47): require_once('C:\\laragon\\www\\music_player\\public\\index.php')
CRITICAL - 2023-10-08 02:22:20 --> Undefined variable $songs
in APPPATH\Views\music.php on line 130.
 1 APPPATH\Views\music.php(130): CodeIgniter\Debug\Exceptions->errorHandler(2, 'Undefined variable $songs', 'C:\\laragon\\www\\music_player\\app\\Views\\music.php', 130)
 2 SYSTEMPATH\View\View.php(226): include('C:\\laragon\\www\\music_player\\app\\Views\\music.php')
 3 SYSTEMPATH\View\View.php(229): CodeIgniter\View\View->CodeIgniter\View\{closure}()
 4 SYSTEMPATH\Common.php(1188): CodeIgniter\View\View->render('music', [], true)
 5 APPPATH\Controllers\MusicController.php(26): view('music', [...])
 6 SYSTEMPATH\CodeIgniter.php(919): App\Controllers\MusicController->searchsong()
 7 SYSTEMPATH\CodeIgniter.php(494): CodeIgniter\CodeIgniter->runController(Object(App\Controllers\MusicController))
 8 SYSTEMPATH\CodeIgniter.php(353): CodeIgniter\CodeIgniter->handleRequest(null, Object(Config\Cache), false)
 9 FCPATH\index.php(79): CodeIgniter\CodeIgniter->run()
10 SYSTEMPATH\Commands\Server\rewrite.php(47): require_once('C:\\laragon\\www\\music_player\\public\\index.php')
CRITICAL - 2023-10-08 02:22:20 --> Undefined variable $songs
in APPPATH\Views\music.php on line 130.
 1 APPPATH\Views\music.php(130): CodeIgniter\Debug\Exceptions->errorHandler(2, 'Undefined variable $songs', 'C:\\laragon\\www\\music_player\\app\\Views\\music.php', 130)
 2 SYSTEMPATH\View\View.php(226): include('C:\\laragon\\www\\music_player\\app\\Views\\music.php')
 3 SYSTEMPATH\View\View.php(229): CodeIgniter\View\View->CodeIgniter\View\{closure}()
 4 SYSTEMPATH\Common.php(1188): CodeIgniter\View\View->render('music', [], true)
 5 APPPATH\Controllers\MusicController.php(26): view('music', [...])
 6 SYSTEMPATH\CodeIgniter.php(919): App\Controllers\MusicController->searchsong()
 7 SYSTEMPATH\CodeIgniter.php(494): CodeIgniter\CodeIgniter->runController(Object(App\Controllers\MusicController))
 8 SYSTEMPATH\CodeIgniter.php(353): CodeIgniter\CodeIgniter->handleRequest(null, Object(Config\Cache), false)
 9 FCPATH\index.php(79): CodeIgniter\CodeIgniter->run()
10 SYSTEMPATH\Commands\Server\rewrite.php(47): require_once('C:\\laragon\\www\\music_player\\public\\index.php')
CRITICAL - 2023-10-08 02:22:21 --> Undefined variable $songs
in APPPATH\Views\music.php on line 130.
 1 APPPATH\Views\music.php(130): CodeIgniter\Debug\Exceptions->errorHandler(2, 'Undefined variable $songs', 'C:\\laragon\\www\\music_player\\app\\Views\\music.php', 130)
 2 SYSTEMPATH\View\View.php(226): include('C:\\laragon\\www\\music_player\\app\\Views\\music.php')
 3 SYSTEMPATH\View\View.php(229): CodeIgniter\View\View->CodeIgniter\View\{closure}()
 4 SYSTEMPATH\Common.php(1188): CodeIgniter\View\View->render('music', [], true)
 5 APPPATH\Controllers\MusicController.php(26): view('music', [...])
 6 SYSTEMPATH\CodeIgniter.php(919): App\Controllers\MusicController->searchsong()
 7 SYSTEMPATH\CodeIgniter.php(494): CodeIgniter\CodeIgniter->runController(Object(App\Controllers\MusicController))
 8 SYSTEMPATH\CodeIgniter.php(353): CodeIgniter\CodeIgniter->handleRequest(null, Object(Config\Cache), false)
 9 FCPATH\index.php(79): CodeIgniter\CodeIgniter->run()
10 SYSTEMPATH\Commands\Server\rewrite.php(47): require_once('C:\\laragon\\www\\music_player\\public\\index.php')
CRITICAL - 2023-10-08 02:22:21 --> Undefined variable $songs
in APPPATH\Views\music.php on line 130.
 1 APPPATH\Views\music.php(130): CodeIgniter\Debug\Exceptions->errorHandler(2, 'Undefined variable $songs', 'C:\\laragon\\www\\music_player\\app\\Views\\music.php', 130)
 2 SYSTEMPATH\View\View.php(226): include('C:\\laragon\\www\\music_player\\app\\Views\\music.php')
 3 SYSTEMPATH\View\View.php(229): CodeIgniter\View\View->CodeIgniter\View\{closure}()
 4 SYSTEMPATH\Common.php(1188): CodeIgniter\View\View->render('music', [], true)
 5 APPPATH\Controllers\MusicController.php(26): view('music', [...])
 6 SYSTEMPATH\CodeIgniter.php(919): App\Controllers\MusicController->searchsong()
 7 SYSTEMPATH\CodeIgniter.php(494): CodeIgniter\CodeIgniter->runController(Object(App\Controllers\MusicController))
 8 SYSTEMPATH\CodeIgniter.php(353): CodeIgniter\CodeIgniter->handleRequest(null, Object(Config\Cache), false)
 9 FCPATH\index.php(79): CodeIgniter\CodeIgniter->run()
10 SYSTEMPATH\Commands\Server\rewrite.php(47): require_once('C:\\laragon\\www\\music_player\\public\\index.php')
CRITICAL - 2023-10-08 02:22:21 --> Undefined variable $songs
in APPPATH\Views\music.php on line 130.
 1 APPPATH\Views\music.php(130): CodeIgniter\Debug\Exceptions->errorHandler(2, 'Undefined variable $songs', 'C:\\laragon\\www\\music_player\\app\\Views\\music.php', 130)
 2 SYSTEMPATH\View\View.php(226): include('C:\\laragon\\www\\music_player\\app\\Views\\music.php')
 3 SYSTEMPATH\View\View.php(229): CodeIgniter\View\View->CodeIgniter\View\{closure}()
 4 SYSTEMPATH\Common.php(1188): CodeIgniter\View\View->render('music', [], true)
 5 APPPATH\Controllers\MusicController.php(26): view('music', [...])
 6 SYSTEMPATH\CodeIgniter.php(919): App\Controllers\MusicController->searchsong()
 7 SYSTEMPATH\CodeIgniter.php(494): CodeIgniter\CodeIgniter->runController(Object(App\Controllers\MusicController))
 8 SYSTEMPATH\CodeIgniter.php(353): CodeIgniter\CodeIgniter->handleRequest(null, Object(Config\Cache), false)
 9 FCPATH\index.php(79): CodeIgniter\CodeIgniter->run()
10 SYSTEMPATH\Commands\Server\rewrite.php(47): require_once('C:\\laragon\\www\\music_player\\public\\index.php')
CRITICAL - 2023-10-08 02:22:22 --> Undefined variable $songs
in APPPATH\Views\music.php on line 130.
 1 APPPATH\Views\music.php(130): CodeIgniter\Debug\Exceptions->errorHandler(2, 'Undefined variable $songs', 'C:\\laragon\\www\\music_player\\app\\Views\\music.php', 130)
 2 SYSTEMPATH\View\View.php(226): include('C:\\laragon\\www\\music_player\\app\\Views\\music.php')
 3 SYSTEMPATH\View\View.php(229): CodeIgniter\View\View->CodeIgniter\View\{closure}()
 4 SYSTEMPATH\Common.php(1188): CodeIgniter\View\View->render('music', [], true)
 5 APPPATH\Controllers\MusicController.php(26): view('music', [...])
 6 SYSTEMPATH\CodeIgniter.php(919): App\Controllers\MusicController->searchsong()
 7 SYSTEMPATH\CodeIgniter.php(494): CodeIgniter\CodeIgniter->runController(Object(App\Controllers\MusicController))
 8 SYSTEMPATH\CodeIgniter.php(353): CodeIgniter\CodeIgniter->handleRequest(null, Object(Config\Cache), false)
 9 FCPATH\index.php(79): CodeIgniter\CodeIgniter->run()
10 SYSTEMPATH\Commands\Server\rewrite.php(47): require_once('C:\\laragon\\www\\music_player\\public\\index.php')
CRITICAL - 2023-10-08 02:22:22 --> Undefined variable $songs
in APPPATH\Views\music.php on line 130.
 1 APPPATH\Views\music.php(130): CodeIgniter\Debug\Exceptions->errorHandler(2, 'Undefined variable $songs', 'C:\\laragon\\www\\music_player\\app\\Views\\music.php', 130)
 2 SYSTEMPATH\View\View.php(226): include('C:\\laragon\\www\\music_player\\app\\Views\\music.php')
 3 SYSTEMPATH\View\View.php(229): CodeIgniter\View\View->CodeIgniter\View\{closure}()
 4 SYSTEMPATH\Common.php(1188): CodeIgniter\View\View->render('music', [], true)
 5 APPPATH\Controllers\MusicController.php(26): view('music', [...])
 6 SYSTEMPATH\CodeIgniter.php(919): App\Controllers\MusicController->searchsong()
 7 SYSTEMPATH\CodeIgniter.php(494): CodeIgniter\CodeIgniter->runController(Object(App\Controllers\MusicController))
 8 SYSTEMPATH\CodeIgniter.php(353): CodeIgniter\CodeIgniter->handleRequest(null, Object(Config\Cache), false)
 9 FCPATH\index.php(79): CodeIgniter\CodeIgniter->run()
10 SYSTEMPATH\Commands\Server\rewrite.php(47): require_once('C:\\laragon\\www\\music_player\\public\\index.php')
CRITICAL - 2023-10-08 02:22:35 --> Undefined variable $songs
in APPPATH\Views\music.php on line 131.
 1 APPPATH\Views\music.php(131): CodeIgniter\Debug\Exceptions->errorHandler(2, 'Undefined variable $songs', 'C:\\laragon\\www\\music_player\\app\\Views\\music.php', 131)
 2 SYSTEMPATH\View\View.php(226): include('C:\\laragon\\www\\music_player\\app\\Views\\music.php')
 3 SYSTEMPATH\View\View.php(229): CodeIgniter\View\View->CodeIgniter\View\{closure}()
 4 SYSTEMPATH\Common.php(1188): CodeIgniter\View\View->render('music', [], true)
 5 APPPATH\Controllers\MusicController.php(26): view('music', [...])
 6 SYSTEMPATH\CodeIgniter.php(919): App\Controllers\MusicController->searchsong()
 7 SYSTEMPATH\CodeIgniter.php(494): CodeIgniter\CodeIgniter->runController(Object(App\Controllers\MusicController))
 8 SYSTEMPATH\CodeIgniter.php(353): CodeIgniter\CodeIgniter->handleRequest(null, Object(Config\Cache), false)
 9 FCPATH\index.php(79): CodeIgniter\CodeIgniter->run()
10 SYSTEMPATH\Commands\Server\rewrite.php(47): require_once('C:\\laragon\\www\\music_player\\public\\index.php')
CRITICAL - 2023-10-08 02:22:36 --> Undefined variable $songs
in APPPATH\Views\music.php on line 131.
 1 APPPATH\Views\music.php(131): CodeIgniter\Debug\Exceptions->errorHandler(2, 'Undefined variable $songs', 'C:\\laragon\\www\\music_player\\app\\Views\\music.php', 131)
 2 SYSTEMPATH\View\View.php(226): include('C:\\laragon\\www\\music_player\\app\\Views\\music.php')
 3 SYSTEMPATH\View\View.php(229): CodeIgniter\View\View->CodeIgniter\View\{closure}()
 4 SYSTEMPATH\Common.php(1188): CodeIgniter\View\View->render('music', [], true)
 5 APPPATH\Controllers\MusicController.php(26): view('music', [...])
 6 SYSTEMPATH\CodeIgniter.php(919): App\Controllers\MusicController->searchsong()
 7 SYSTEMPATH\CodeIgniter.php(494): CodeIgniter\CodeIgniter->runController(Object(App\Controllers\MusicController))
 8 SYSTEMPATH\CodeIgniter.php(353): CodeIgniter\CodeIgniter->handleRequest(null, Object(Config\Cache), false)
 9 FCPATH\index.php(79): CodeIgniter\CodeIgniter->run()
10 SYSTEMPATH\Commands\Server\rewrite.php(47): require_once('C:\\laragon\\www\\music_player\\public\\index.php')
CRITICAL - 2023-10-08 02:22:36 --> Undefined variable $songs
in APPPATH\Views\music.php on line 131.
 1 APPPATH\Views\music.php(131): CodeIgniter\Debug\Exceptions->errorHandler(2, 'Undefined variable $songs', 'C:\\laragon\\www\\music_player\\app\\Views\\music.php', 131)
 2 SYSTEMPATH\View\View.php(226): include('C:\\laragon\\www\\music_player\\app\\Views\\music.php')
 3 SYSTEMPATH\View\View.php(229): CodeIgniter\View\View->CodeIgniter\View\{closure}()
 4 SYSTEMPATH\Common.php(1188): CodeIgniter\View\View->render('music', [], true)
 5 APPPATH\Controllers\MusicController.php(26): view('music', [...])
 6 SYSTEMPATH\CodeIgniter.php(919): App\Controllers\MusicController->searchsong()
 7 SYSTEMPATH\CodeIgniter.php(494): CodeIgniter\CodeIgniter->runController(Object(App\Controllers\MusicController))
 8 SYSTEMPATH\CodeIgniter.php(353): CodeIgniter\CodeIgniter->handleRequest(null, Object(Config\Cache), false)
 9 FCPATH\index.php(79): CodeIgniter\CodeIgniter->run()
10 SYSTEMPATH\Commands\Server\rewrite.php(47): require_once('C:\\laragon\\www\\music_player\\public\\index.php')
CRITICAL - 2023-10-08 02:22:37 --> Undefined variable $songs
in APPPATH\Views\music.php on line 131.
 1 APPPATH\Views\music.php(131): CodeIgniter\Debug\Exceptions->errorHandler(2, 'Undefined variable $songs', 'C:\\laragon\\www\\music_player\\app\\Views\\music.php', 131)
 2 SYSTEMPATH\View\View.php(226): include('C:\\laragon\\www\\music_player\\app\\Views\\music.php')
 3 SYSTEMPATH\View\View.php(229): CodeIgniter\View\View->CodeIgniter\View\{closure}()
 4 SYSTEMPATH\Common.php(1188): CodeIgniter\View\View->render('music', [], true)
 5 APPPATH\Controllers\MusicController.php(26): view('music', [...])
 6 SYSTEMPATH\CodeIgniter.php(919): App\Controllers\MusicController->searchsong()
 7 SYSTEMPATH\CodeIgniter.php(494): CodeIgniter\CodeIgniter->runController(Object(App\Controllers\MusicController))
 8 SYSTEMPATH\CodeIgniter.php(353): CodeIgniter\CodeIgniter->handleRequest(null, Object(Config\Cache), false)
 9 FCPATH\index.php(79): CodeIgniter\CodeIgniter->run()
10 SYSTEMPATH\Commands\Server\rewrite.php(47): require_once('C:\\laragon\\www\\music_player\\public\\index.php')
CRITICAL - 2023-10-08 02:33:54 --> Undefined variable $play
in APPPATH\Views\music.php on line 136.
 1 APPPATH\Views\music.php(136): CodeIgniter\Debug\Exceptions->errorHandler(2, 'Undefined variable $play', 'C:\\laragon\\www\\music_player\\app\\Views\\music.php', 136)
 2 SYSTEMPATH\View\View.php(226): include('C:\\laragon\\www\\music_player\\app\\Views\\music.php')
 3 SYSTEMPATH\View\View.php(229): CodeIgniter\View\View->CodeIgniter\View\{closure}()
 4 SYSTEMPATH\Common.php(1188): CodeIgniter\View\View->render('music', [], true)
 5 APPPATH\Controllers\MusicController.php(16): view('music', [...])
 6 SYSTEMPATH\CodeIgniter.php(919): App\Controllers\MusicController->index()
 7 SYSTEMPATH\CodeIgniter.php(494): CodeIgniter\CodeIgniter->runController(Object(App\Controllers\MusicController))
 8 SYSTEMPATH\CodeIgniter.php(353): CodeIgniter\CodeIgniter->handleRequest(null, Object(Config\Cache), false)
 9 FCPATH\index.php(79): CodeIgniter\CodeIgniter->run()
10 SYSTEMPATH\Commands\Server\rewrite.php(47): require_once('C:\\laragon\\www\\music_player\\public\\index.php')
CRITICAL - 2023-10-08 02:37:44 --> Undefined variable $songs
in APPPATH\Views\music.php on line 130.
 1 APPPATH\Views\music.php(130): CodeIgniter\Debug\Exceptions->errorHandler(2, 'Undefined variable $songs', 'C:\\laragon\\www\\music_player\\app\\Views\\music.php', 130)
 2 SYSTEMPATH\View\View.php(226): include('C:\\laragon\\www\\music_player\\app\\Views\\music.php')
 3 SYSTEMPATH\View\View.php(229): CodeIgniter\View\View->CodeIgniter\View\{closure}()
 4 SYSTEMPATH\Common.php(1188): CodeIgniter\View\View->render('music', [], true)
 5 APPPATH\Controllers\MusicController.php(26): view('music', [...])
 6 SYSTEMPATH\CodeIgniter.php(919): App\Controllers\MusicController->searchsong()
 7 SYSTEMPATH\CodeIgniter.php(494): CodeIgniter\CodeIgniter->runController(Object(App\Controllers\MusicController))
 8 SYSTEMPATH\CodeIgniter.php(353): CodeIgniter\CodeIgniter->handleRequest(null, Object(Config\Cache), false)
 9 FCPATH\index.php(79): CodeIgniter\CodeIgniter->run()
10 SYSTEMPATH\Commands\Server\rewrite.php(47): require_once('C:\\laragon\\www\\music_player\\public\\index.php')
CRITICAL - 2023-10-08 02:41:10 --> Invalid file: "song.php"
in SYSTEMPATH\Exceptions\FrameworkException.php on line 39.
 1 SYSTEMPATH\View\View.php(214): CodeIgniter\Exceptions\FrameworkException::forInvalidFile('song.php')
 2 SYSTEMPATH\Common.php(1188): CodeIgniter\View\View->render('song', [], true)
 3 APPPATH\Controllers\MusicController.php(16): view('song', [...])
 4 SYSTEMPATH\CodeIgniter.php(919): App\Controllers\MusicController->index()
 5 SYSTEMPATH\CodeIgniter.php(494): CodeIgniter\CodeIgniter->runController(Object(App\Controllers\MusicController))
 6 SYSTEMPATH\CodeIgniter.php(353): CodeIgniter\CodeIgniter->handleRequest(null, Object(Config\Cache), false)
 7 FCPATH\index.php(79): CodeIgniter\CodeIgniter->run()
 8 SYSTEMPATH\Commands\Server\rewrite.php(47): require_once('C:\\laragon\\www\\music_player\\public\\index.php')
